e:\raytracer\simpleraytracer\simpleraytracer\x64\release\vc141.pdb
e:\raytracer\simpleraytracer\simpleraytracer\x64\release\源.obj
e:\raytracer\simpleraytracer\simpleraytracer\x64\release\xy_rect.obj
e:\raytracer\simpleraytracer\simpleraytracer\x64\release\vec3.obj
e:\raytracer\simpleraytracer\simpleraytracer\x64\release\translate.obj
e:\raytracer\simpleraytracer\simpleraytracer\x64\release\toolsfunction.obj
e:\raytracer\simpleraytracer\simpleraytracer\x64\release\sphere.obj
e:\raytracer\simpleraytracer\simpleraytracer\x64\release\onb.obj
e:\raytracer\simpleraytracer\simpleraytracer\x64\release\movingsphere.obj
e:\raytracer\simpleraytracer\simpleraytracer\x64\release\lambertian.obj
e:\raytracer\simpleraytracer\simpleraytracer\x64\release\image_texture.obj
e:\raytracer\simpleraytracer\simpleraytracer\x64\release\hitable_list.obj
e:\raytracer\simpleraytracer\simpleraytracer\x64\release\diffuse_light.obj
e:\raytracer\simpleraytracer\simpleraytracer\x64\release\constant_medium.obj
e:\raytracer\simpleraytracer\simpleraytracer\x64\release\bvh_node.obj
e:\raytracer\simpleraytracer\simpleraytracer\x64\release\box.obj
e:\raytracer\simpleraytracer\simpleraytracer\x64\release\triangle.obj
e:\raytracer\simpleraytracer\simpleraytracer\x64\release\objmodel.obj
e:\raytracer\simpleraytracer\simpleraytracer\x64\release\aabb.obj
e:\raytracer\simpleraytracer\x64\release\simpleraytracer.exe
e:\raytracer\simpleraytracer\x64\release\simpleraytracer.pdb
e:\raytracer\simpleraytracer\x64\release\simpleraytracer.ipdb
e:\raytracer\simpleraytracer\x64\release\simpleraytracer.iobj
e:\raytracer\simpleraytracer\simpleraytracer\x64\release\simpleraytracer.tlog\cl.command.1.tlog
e:\raytracer\simpleraytracer\simpleraytracer\x64\release\simpleraytracer.tlog\cl.read.1.tlog
e:\raytracer\simpleraytracer\simpleraytracer\x64\release\simpleraytracer.tlog\cl.write.1.tlog
e:\raytracer\simpleraytracer\simpleraytracer\x64\release\simpleraytracer.tlog\link.command.1.tlog
e:\raytracer\simpleraytracer\simpleraytracer\x64\release\simpleraytracer.tlog\link.read.1.tlog
e:\raytracer\simpleraytracer\simpleraytracer\x64\release\simpleraytracer.tlog\link.write.1.tlog
e:\raytracer\simpleraytracer\simpleraytracer\x64\release\simpleraytracer.tlog\simpleraytracer.write.1u.tlog
