  box.cpp
e:\raytracer\simpleraytracer\simpleraytracer\xy_rect.h(18): warning C4244: “参数”: 从“double”转换到“float”，可能丢失数据
e:\raytracer\simpleraytracer\simpleraytracer\xy_rect.h(39): warning C4244: “参数”: 从“double”转换到“float”，可能丢失数据
e:\raytracer\simpleraytracer\simpleraytracer\xy_rect.h(60): warning C4244: “参数”: 从“double”转换到“float”，可能丢失数据
  hitable_list.cpp
e:\raytracer\simpleraytracer\simpleraytracer\toolsfunction.h(42): warning C4244: “初始化”: 从“double”转换到“float”，可能丢失数据
e:\raytracer\simpleraytracer\simpleraytracer\hitable_list.cpp(11): warning C4244: “参数”: 从“double”转换到“float”，可能丢失数据
e:\raytracer\simpleraytracer\simpleraytracer\hitable_list.cpp(50): warning C4244: “初始化”: 从“double”转换到“float”，可能丢失数据
  源.cpp
e:\raytracer\simpleraytracer\simpleraytracer\toolsfunction.h(42): warning C4244: “初始化”: 从“double”转换到“float”，可能丢失数据
e:\raytracer\simpleraytracer\simpleraytracer\camera.h(22): warning C4244: “初始化”: 从“double”转换到“float”，可能丢失数据
e:\raytracer\simpleraytracer\simpleraytracer\pdf.h(26): warning C4244: “return”: 从“double”转换到“float”，可能丢失数据
e:\raytracer\simpleraytracer\simpleraytracer\pdf.h(64): warning C4244: “return”: 从“double”转换到“float”，可能丢失数据
e:\raytracer\simpleraytracer\simpleraytracer\dielectrics.h(35): warning C4244: “=”: 从“double”转换到“float”，可能丢失数据
e:\raytracer\simpleraytracer\simpleraytracer\perlin.h(67): warning C4244: “初始化”: 从“float”转换到“int”，可能丢失数据
e:\raytracer\simpleraytracer\simpleraytracer\perlin.h(68): warning C4244: “初始化”: 从“float”转换到“int”，可能丢失数据
e:\raytracer\simpleraytracer\simpleraytracer\perlin.h(69): warning C4244: “初始化”: 从“float”转换到“int”，可能丢失数据
e:\raytracer\simpleraytracer\simpleraytracer\noise_texture.h(11): warning C4244: “参数”: 从“double”转换到“float”，可能丢失数据
e:\raytracer\simpleraytracer\simpleraytracer\xy_rect.h(18): warning C4244: “参数”: 从“double”转换到“float”，可能丢失数据
e:\raytracer\simpleraytracer\simpleraytracer\xy_rect.h(39): warning C4244: “参数”: 从“double”转换到“float”，可能丢失数据
e:\raytracer\simpleraytracer\simpleraytracer\xy_rect.h(60): warning C4244: “参数”: 从“double”转换到“float”，可能丢失数据
e:\raytracer\simpleraytracer\simpleraytracer\源.cpp(41): warning C4305: “参数”: 从“double”到“float”截断
e:\raytracer\simpleraytracer\simpleraytracer\源.cpp(87): warning C4244: “参数”: 从“double”转换到“float”，可能丢失数据
e:\raytracer\simpleraytracer\simpleraytracer\源.cpp(87): warning C4305: “参数”: 从“double”到“float”截断
e:\raytracer\simpleraytracer\simpleraytracer\源.cpp(88): warning C4305: “参数”: 从“double”到“float”截断
e:\raytracer\simpleraytracer\simpleraytracer\源.cpp(93): warning C4305: “参数”: 从“double”到“float”截断
e:\raytracer\simpleraytracer\simpleraytracer\源.cpp(97): warning C4244: “参数”: 从“double”转换到“float”，可能丢失数据
e:\raytracer\simpleraytracer\simpleraytracer\源.cpp(97): warning C4305: “参数”: 从“double”到“float”截断
e:\raytracer\simpleraytracer\simpleraytracer\源.cpp(105): warning C4305: “参数”: 从“double”到“float”截断
e:\raytracer\simpleraytracer\simpleraytracer\源.cpp(112): warning C4305: “参数”: 从“double”到“float”截断
e:\raytracer\simpleraytracer\simpleraytracer\源.cpp(154): warning C4305: “参数”: 从“double”到“float”截断
e:\raytracer\simpleraytracer\simpleraytracer\源.cpp(155): warning C4305: “参数”: 从“double”到“float”截断
e:\raytracer\simpleraytracer\simpleraytracer\源.cpp(156): warning C4305: “参数”: 从“double”到“float”截断
e:\raytracer\simpleraytracer\simpleraytracer\源.cpp(170): warning C4305: “参数”: 从“double”到“float”截断
e:\raytracer\simpleraytracer\simpleraytracer\源.cpp(187): warning C4305: “参数”: 从“double”到“float”截断
e:\raytracer\simpleraytracer\simpleraytracer\源.cpp(188): warning C4305: “参数”: 从“double”到“float”截断
e:\raytracer\simpleraytracer\simpleraytracer\源.cpp(200): warning C4244: “初始化”: 从“double”转换到“float”，可能丢失数据
e:\raytracer\simpleraytracer\simpleraytracer\源.cpp(211): warning C4305: “参数”: 从“double”到“float”截断
e:\raytracer\simpleraytracer\simpleraytracer\源.cpp(213): warning C4305: “参数”: 从“double”到“float”截断
e:\raytracer\simpleraytracer\simpleraytracer\源.cpp(217): warning C4305: “参数”: 从“double”到“float”截断
e:\raytracer\simpleraytracer\simpleraytracer\源.cpp(221): warning C4305: “参数”: 从“double”到“float”截断
e:\raytracer\simpleraytracer\simpleraytracer\源.cpp(226): warning C4305: “参数”: 从“double”到“float”截断
e:\raytracer\simpleraytracer\simpleraytracer\源.cpp(250): warning C4101: “list”: 未引用的局部变量
  正在生成代码...
  SimpleRayTracer.vcxproj -> E:\RayTracer\SimpleRayTracer\x64\Debug\SimpleRayTracer.exe
