e:\raytracer\simpleraytracer\simpleraytracer\release\vc141.pdb
e:\raytracer\simpleraytracer\simpleraytracer\release\源.obj
e:\raytracer\simpleraytracer\simpleraytracer\release\vec3.obj
e:\raytracer\simpleraytracer\simpleraytracer\release\toolsfunction.obj
e:\raytracer\simpleraytracer\simpleraytracer\release\sphere.obj
e:\raytracer\simpleraytracer\simpleraytracer\release\movingsphere.obj
e:\raytracer\simpleraytracer\simpleraytracer\release\hitable_list.obj
e:\raytracer\simpleraytracer\simpleraytracer\release\bvh_node.obj
e:\raytracer\simpleraytracer\simpleraytracer\release\aabb.obj
e:\raytracer\simpleraytracer\simpleraytracer\release\image_texture.obj
e:\raytracer\simpleraytracer\release\simpleraytracer.exe
e:\raytracer\simpleraytracer\release\simpleraytracer.pdb
e:\raytracer\simpleraytracer\release\simpleraytracer.ipdb
e:\raytracer\simpleraytracer\release\simpleraytracer.iobj
e:\raytracer\simpleraytracer\simpleraytracer\release\simpleraytracer.tlog\cl.command.1.tlog
e:\raytracer\simpleraytracer\simpleraytracer\release\simpleraytracer.tlog\cl.read.1.tlog
e:\raytracer\simpleraytracer\simpleraytracer\release\simpleraytracer.tlog\cl.write.1.tlog
e:\raytracer\simpleraytracer\simpleraytracer\release\simpleraytracer.tlog\link.command.1.tlog
e:\raytracer\simpleraytracer\simpleraytracer\release\simpleraytracer.tlog\link.read.1.tlog
e:\raytracer\simpleraytracer\simpleraytracer\release\simpleraytracer.tlog\link.write.1.tlog
e:\raytracer\simpleraytracer\simpleraytracer\release\simpleraytracer.tlog\simpleraytracer.write.1u.tlog
