  BVH_Node.cpp
  Constant_Medium.cpp
e:\raytracer\simpleraytracer\simpleraytracer\constant_medium.cpp(15): warning C4244: “参数”: 从“double”转换到“float”，可能丢失数据
  Lambertian.cpp
e:\raytracer\simpleraytracer\simpleraytracer\lambertian.cpp(13): warning C4305: “=”: 从“double”到“float”截断
e:\raytracer\simpleraytracer\simpleraytracer\lambertian.cpp(25): warning C4244: “return”: 从“double”转换到“float”，可能丢失数据
  MovingSphere.cpp
  ToolsFunction.cpp
e:\raytracer\simpleraytracer\simpleraytracer\toolsfunction.cpp(6): warning C4244: “初始化”: 从“double”转换到“float”，可能丢失数据
e:\raytracer\simpleraytracer\simpleraytracer\toolsfunction.cpp(23): warning C4244: “初始化”: 从“unsigned __int64”转换到“unsigned int”，可能丢失数据
e:\raytracer\simpleraytracer\simpleraytracer\toolsfunction.cpp(64): warning C4244: “=”: 从“double”转换到“float”，可能丢失数据
e:\raytracer\simpleraytracer\simpleraytracer\toolsfunction.cpp(65): warning C4244: “=”: 从“double”转换到“float”，可能丢失数据
  sphere.cpp
  translate.cpp
e:\raytracer\simpleraytracer\simpleraytracer\translate.cpp(32): warning C4244: “初始化”: 从“double”转换到“float”，可能丢失数据
  源.cpp
e:\raytracer\simpleraytracer\simpleraytracer\camera.h(22): warning C4244: “初始化”: 从“double”转换到“float”，可能丢失数据
e:\raytracer\simpleraytracer\simpleraytracer\dielectrics.h(35): warning C4244: “=”: 从“double”转换到“float”，可能丢失数据
e:\raytracer\simpleraytracer\simpleraytracer\perlin.h(67): warning C4244: “初始化”: 从“float”转换到“int”，可能丢失数据
e:\raytracer\simpleraytracer\simpleraytracer\perlin.h(68): warning C4244: “初始化”: 从“float”转换到“int”，可能丢失数据
e:\raytracer\simpleraytracer\simpleraytracer\perlin.h(69): warning C4244: “初始化”: 从“float”转换到“int”，可能丢失数据
e:\raytracer\simpleraytracer\simpleraytracer\noise_texture.h(11): warning C4244: “参数”: 从“double”转换到“float”，可能丢失数据
e:\raytracer\simpleraytracer\simpleraytracer\xy_rect.h(18): warning C4244: “参数”: 从“double”转换到“float”，可能丢失数据
e:\raytracer\simpleraytracer\simpleraytracer\xy_rect.h(37): warning C4244: “参数”: 从“double”转换到“float”，可能丢失数据
e:\raytracer\simpleraytracer\simpleraytracer\xy_rect.h(56): warning C4244: “参数”: 从“double”转换到“float”，可能丢失数据
e:\raytracer\simpleraytracer\simpleraytracer\源.cpp(39): warning C4305: “参数”: 从“double”到“float”截断
e:\raytracer\simpleraytracer\simpleraytracer\源.cpp(73): warning C4244: “参数”: 从“double”转换到“float”，可能丢失数据
e:\raytracer\simpleraytracer\simpleraytracer\源.cpp(73): warning C4305: “参数”: 从“double”到“float”截断
e:\raytracer\simpleraytracer\simpleraytracer\源.cpp(74): warning C4305: “参数”: 从“double”到“float”截断
e:\raytracer\simpleraytracer\simpleraytracer\源.cpp(79): warning C4305: “参数”: 从“double”到“float”截断
e:\raytracer\simpleraytracer\simpleraytracer\源.cpp(83): warning C4244: “参数”: 从“double”转换到“float”，可能丢失数据
e:\raytracer\simpleraytracer\simpleraytracer\源.cpp(83): warning C4305: “参数”: 从“double”到“float”截断
e:\raytracer\simpleraytracer\simpleraytracer\源.cpp(91): warning C4305: “参数”: 从“double”到“float”截断
e:\raytracer\simpleraytracer\simpleraytracer\源.cpp(98): warning C4305: “参数”: 从“double”到“float”截断
e:\raytracer\simpleraytracer\simpleraytracer\源.cpp(140): warning C4305: “参数”: 从“double”到“float”截断
e:\raytracer\simpleraytracer\simpleraytracer\源.cpp(141): warning C4305: “参数”: 从“double”到“float”截断
e:\raytracer\simpleraytracer\simpleraytracer\源.cpp(142): warning C4305: “参数”: 从“double”到“float”截断
e:\raytracer\simpleraytracer\simpleraytracer\源.cpp(168): warning C4305: “参数”: 从“double”到“float”截断
e:\raytracer\simpleraytracer\simpleraytracer\源.cpp(169): warning C4305: “参数”: 从“double”到“float”截断
e:\raytracer\simpleraytracer\simpleraytracer\源.cpp(181): warning C4244: “初始化”: 从“double”转换到“float”，可能丢失数据
e:\raytracer\simpleraytracer\simpleraytracer\源.cpp(192): warning C4305: “参数”: 从“double”到“float”截断
e:\raytracer\simpleraytracer\simpleraytracer\源.cpp(194): warning C4305: “参数”: 从“double”到“float”截断
e:\raytracer\simpleraytracer\simpleraytracer\源.cpp(198): warning C4305: “参数”: 从“double”到“float”截断
e:\raytracer\simpleraytracer\simpleraytracer\源.cpp(202): warning C4305: “参数”: 从“double”到“float”截断
e:\raytracer\simpleraytracer\simpleraytracer\源.cpp(207): warning C4305: “参数”: 从“double”到“float”截断
e:\raytracer\simpleraytracer\simpleraytracer\源.cpp(231): warning C4101: “list”: 未引用的局部变量
  正在生成代码
  13 of 264 functions ( 4.9%) were compiled, the rest were copied from previous compilation.
    0 functions were new in current compilation
    1 functions had inline decision re-evaluated but remain unchanged
  已完成代码的生成
  SimpleRayTracer.vcxproj -> E:\RayTracer\SimpleRayTracer\Release\SimpleRayTracer.exe
